Apr 05, 2017 11:38:20 AM picking.Picker <init>
INFO: A new Worker [proName=     Alice, proType=PICKER, proStatus=IDLE, proRequest=null, proRequestIter=] has been created.
Apr 05, 2017 11:38:20 AM picking.Picker <init>
INFO: A new Worker [proName=     Alice, proType=PICKER, proStatus=IDLE, proRequest=null, proRequestIter=] has been created.
Apr 05, 2017 11:38:20 AM picking.Picker <init>
INFO: A new Worker [proName=     Alice, proType=PICKER, proStatus=IDLE, proRequest=null, proRequestIter=] has been created.
Apr 05, 2017 11:38:20 AM picking.Picker <init>
INFO: A new Worker [proName=     Alice, proType=PICKER, proStatus=IDLE, proRequest=null, proRequestIter=] has been created.
Apr 05, 2017 11:38:20 AM picking.Picker takeRequest
INFO: System is suggesting picker to goto Location[SKU=    4, Zone=  A, Aisle=  0, Rack=  0, Level=  3, stock= 30] for the next fascia.
Apr 05, 2017 11:38:20 AM picking.Picker consume
INFO: Worker [proName=     Alice, proType=PICKER, proStatus=BUSY, proRequest=Request [list=[1, 2, 1, 2, 3, 4, 3, 4], state=PICK, pvtThisId=0, pvtTraversalOrder=[4, 3, 4, 3, 2, 1, 2, 1]], proRequestIter=4] has consumed Request [list=[1, 2, 1, 2, 3, 4, 3, 4], state=PICK, pvtThisId=0, pvtTraversalOrder=[4, 3, 4, 3, 2, 1, 2, 1]].
Apr 05, 2017 11:38:21 AM picking.Picker <init>
INFO: A new Worker [proName=     Alice, proType=PICKER, proStatus=IDLE, proRequest=null, proRequestIter=] has been created.
Apr 05, 2017 11:38:21 AM picking.Picker <init>
INFO: A new Worker [proName=     Alice, proType=PICKER, proStatus=IDLE, proRequest=null, proRequestIter=] has been created.
Apr 05, 2017 11:38:21 AM picking.Picker procFascia
INFO: System is suggesting picker to goto Location[SKU=    3, Zone=  A, Aisle=  0, Rack=  0, Level=  2, stock= 22] for the next fascia.
Apr 05, 2017 11:38:21 AM picking.Picker <init>
INFO: A new Worker [proName=     Alice, proType=PICKER, proStatus=IDLE, proRequest=null, proRequestIter=] has been created.
Apr 05, 2017 11:38:21 AM picking.Picker <init>
INFO: A new Worker [proName=     Alice, proType=PICKER, proStatus=IDLE, proRequest=null, proRequestIter=] has been created.
Apr 05, 2017 11:38:21 AM picking.Picker procFascia
INFO: System is suggesting picker to goto Location[SKU=    4, Zone=  A, Aisle=  0, Rack=  0, Level=  3, stock= 29] for the next fascia.
Apr 05, 2017 11:38:21 AM picking.Picker <init>
INFO: A new Worker [proName=     Alice, proType=PICKER, proStatus=IDLE, proRequest=null, proRequestIter=] has been created.
Apr 05, 2017 11:38:21 AM picking.Picker <init>
INFO: A new Worker [proName=     Alice, proType=PICKER, proStatus=IDLE, proRequest=null, proRequestIter=] has been created.
Apr 05, 2017 11:38:21 AM picking.Picker procFascia
INFO: System is suggesting picker to goto Location[SKU=    3, Zone=  A, Aisle=  0, Rack=  0, Level=  2, stock= 21] for the next fascia.
Apr 05, 2017 11:38:21 AM picking.Picker <init>
INFO: A new Worker [proName=     Alice, proType=PICKER, proStatus=IDLE, proRequest=null, proRequestIter=] has been created.
Apr 05, 2017 11:38:21 AM picking.Picker <init>
INFO: A new Worker [proName=     Alice, proType=PICKER, proStatus=IDLE, proRequest=null, proRequestIter=] has been created.
Apr 05, 2017 11:38:21 AM picking.Picker procFascia
INFO: System is suggesting picker to goto Location[SKU=    2, Zone=  A, Aisle=  0, Rack=  0, Level=  1, stock= 22] for the next fascia.
Apr 05, 2017 11:38:21 AM picking.Picker <init>
INFO: A new Worker [proName=     Alice, proType=PICKER, proStatus=IDLE, proRequest=null, proRequestIter=] has been created.
Apr 05, 2017 11:38:21 AM picking.Picker <init>
INFO: A new Worker [proName=     Alice, proType=PICKER, proStatus=IDLE, proRequest=null, proRequestIter=] has been created.
Apr 05, 2017 11:38:21 AM picking.Picker procFascia
INFO: System is suggesting picker to goto Location[SKU=    1, Zone=  A, Aisle=  0, Rack=  0, Level=  0, stock= 22] for the next fascia.
Apr 05, 2017 11:38:21 AM picking.Picker <init>
INFO: A new Worker [proName=     Alice, proType=PICKER, proStatus=IDLE, proRequest=null, proRequestIter=] has been created.
Apr 05, 2017 11:38:21 AM picking.Picker <init>
INFO: A new Worker [proName=     Alice, proType=PICKER, proStatus=IDLE, proRequest=null, proRequestIter=] has been created.
Apr 05, 2017 11:38:21 AM picking.Picker procFascia
INFO: System is suggesting picker to goto Location[SKU=    2, Zone=  A, Aisle=  0, Rack=  0, Level=  1, stock= 21] for the next fascia.
Apr 05, 2017 11:38:21 AM picking.Picker <init>
INFO: A new Worker [proName=     Alice, proType=PICKER, proStatus=IDLE, proRequest=null, proRequestIter=] has been created.
Apr 05, 2017 11:38:21 AM picking.Picker <init>
INFO: A new Worker [proName=     Alice, proType=PICKER, proStatus=IDLE, proRequest=null, proRequestIter=] has been created.
Apr 05, 2017 11:38:21 AM picking.Picker procFascia
INFO: System is suggesting picker to goto Location[SKU=    1, Zone=  A, Aisle=  0, Rack=  0, Level=  0, stock= 21] for the next fascia.
Apr 05, 2017 11:38:21 AM picking.Picker <init>
INFO: A new Worker [proName=     Alice, proType=PICKER, proStatus=IDLE, proRequest=null, proRequestIter=] has been created.
Apr 05, 2017 11:38:21 AM picking.Picker <init>
INFO: A new Worker [proName=     Alice, proType=PICKER, proStatus=IDLE, proRequest=null, proRequestIter=] has been created.
Apr 05, 2017 11:38:21 AM picking.Picker procFascia
INFO: Worker [proName=     Alice, proType=PICKER, proStatus=DONE, proRequest=Request [list=[1, 2, 1, 2, 3, 4, 3, 4], state=PRESEQUENCE, pvtThisId=0, pvtTraversalOrder=[4, 3, 4, 3, 2, 1, 2, 1]], proRequestIter=] has finished the picking request Request [list=[1, 2, 1, 2, 3, 4, 3, 4], state=PRESEQUENCE, pvtThisId=0, pvtTraversalOrder=[4, 3, 4, 3, 2, 1, 2, 1]]
Apr 05, 2017 11:38:21 AM picking.Picker <init>
INFO: A new Worker [proName=     Alice, proType=PICKER, proStatus=IDLE, proRequest=null, proRequestIter=] has been created.
Apr 05, 2017 11:38:21 AM picking.Picker <init>
INFO: A new Worker [proName=     Alice, proType=PICKER, proStatus=IDLE, proRequest=null, proRequestIter=] has been created.
Apr 05, 2017 11:38:21 AM picking.Picker toMarshaling
INFO: Worker [proName=     Alice, proType=PICKER, proStatus=IDLE, proRequest=Request [list=[1, 2, 1, 2, 3, 4, 3, 4], state=PRESEQUENCE, pvtThisId=0, pvtTraversalOrder=[4, 3, 4, 3, 2, 1, 2, 1]], proRequestIter=] has been sent to marshaling area.
Apr 05, 2017 11:38:21 AM picking.Picker <init>
INFO: A new Worker [proName=     Tommy, proType=PICKER, proStatus=IDLE, proRequest=null, proRequestIter=] has been created.
Apr 05, 2017 11:38:21 AM picking.Picker <init>
INFO: A new Worker [proName=     Tommy, proType=PICKER, proStatus=IDLE, proRequest=null, proRequestIter=] has been created.
Apr 05, 2017 11:38:21 AM picking.Picker <init>
INFO: A new Worker [proName=     Tommy, proType=PICKER, proStatus=IDLE, proRequest=null, proRequestIter=] has been created.
Apr 05, 2017 11:38:21 AM picking.Picker <init>
INFO: A new Worker [proName=     Tommy, proType=PICKER, proStatus=IDLE, proRequest=null, proRequestIter=] has been created.
Apr 05, 2017 11:38:21 AM picking.Picker takeRequest
INFO: System is suggesting picker to goto Location[SKU=   12, Zone=  A, Aisle=  0, Rack=  2, Level=  3, stock= 20] for the next fascia.
Apr 05, 2017 11:38:21 AM picking.Picker consume
INFO: Worker [proName=     Tommy, proType=PICKER, proStatus=BUSY, proRequest=Request [list=[9, 10, 9, 10, 11, 12, 11, 12], state=PICK, pvtThisId=1, pvtTraversalOrder=[12, 11, 12, 11, 10, 9, 10, 9]], proRequestIter=12] has consumed Request [list=[9, 10, 9, 10, 11, 12, 11, 12], state=PICK, pvtThisId=1, pvtTraversalOrder=[12, 11, 12, 11, 10, 9, 10, 9]].
Apr 05, 2017 11:38:21 AM picking.Picker <init>
INFO: A new Worker [proName=     Tommy, proType=PICKER, proStatus=IDLE, proRequest=null, proRequestIter=] has been created.
Apr 05, 2017 11:38:21 AM picking.Picker <init>
INFO: A new Worker [proName=     Tommy, proType=PICKER, proStatus=IDLE, proRequest=null, proRequestIter=] has been created.
Apr 05, 2017 11:38:21 AM picking.Picker procFascia
INFO: System is suggesting picker to goto Location[SKU=   11, Zone=  A, Aisle=  0, Rack=  2, Level=  2, stock= 20] for the next fascia.
Apr 05, 2017 11:38:21 AM picking.Picker <init>
INFO: A new Worker [proName=     Tommy, proType=PICKER, proStatus=IDLE, proRequest=null, proRequestIter=] has been created.
Apr 05, 2017 11:38:21 AM picking.Picker <init>
INFO: A new Worker [proName=     Tommy, proType=PICKER, proStatus=IDLE, proRequest=null, proRequestIter=] has been created.
Apr 05, 2017 11:38:21 AM picking.Picker procFascia
INFO: System is suggesting picker to goto Location[SKU=   12, Zone=  A, Aisle=  0, Rack=  2, Level=  3, stock= 19] for the next fascia.
Apr 05, 2017 11:38:21 AM picking.Picker <init>
INFO: A new Worker [proName=     Tommy, proType=PICKER, proStatus=IDLE, proRequest=null, proRequestIter=] has been created.
Apr 05, 2017 11:38:21 AM picking.Picker <init>
INFO: A new Worker [proName=     Tommy, proType=PICKER, proStatus=IDLE, proRequest=null, proRequestIter=] has been created.
Apr 05, 2017 11:38:21 AM picking.Picker procFascia
INFO: System is suggesting picker to goto Location[SKU=   11, Zone=  A, Aisle=  0, Rack=  2, Level=  2, stock= 19] for the next fascia.
Apr 05, 2017 11:38:21 AM picking.Picker <init>
INFO: A new Worker [proName=     Tommy, proType=PICKER, proStatus=IDLE, proRequest=null, proRequestIter=] has been created.
Apr 05, 2017 11:38:21 AM picking.Picker <init>
INFO: A new Worker [proName=     Tommy, proType=PICKER, proStatus=IDLE, proRequest=null, proRequestIter=] has been created.
Apr 05, 2017 11:38:21 AM picking.Picker procFascia
INFO: System is suggesting picker to goto Location[SKU=   10, Zone=  A, Aisle=  0, Rack=  2, Level=  1, stock= 20] for the next fascia.
Apr 05, 2017 11:38:21 AM picking.Picker <init>
INFO: A new Worker [proName=     Tommy, proType=PICKER, proStatus=IDLE, proRequest=null, proRequestIter=] has been created.
Apr 05, 2017 11:38:21 AM picking.Picker <init>
INFO: A new Worker [proName=     Tommy, proType=PICKER, proStatus=IDLE, proRequest=null, proRequestIter=] has been created.
Apr 05, 2017 11:38:21 AM picking.Picker procFascia
INFO: System is suggesting picker to goto Location[SKU=    9, Zone=  A, Aisle=  0, Rack=  2, Level=  0, stock= 20] for the next fascia.
Apr 05, 2017 11:38:21 AM picking.Picker <init>
INFO: A new Worker [proName=     Tommy, proType=PICKER, proStatus=IDLE, proRequest=null, proRequestIter=] has been created.
Apr 05, 2017 11:38:21 AM picking.Picker <init>
INFO: A new Worker [proName=     Tommy, proType=PICKER, proStatus=IDLE, proRequest=null, proRequestIter=] has been created.
Apr 05, 2017 11:38:21 AM picking.Picker procFascia
INFO: System is suggesting picker to goto Location[SKU=   10, Zone=  A, Aisle=  0, Rack=  2, Level=  1, stock= 19] for the next fascia.
Apr 05, 2017 11:38:21 AM picking.Picker <init>
INFO: A new Worker [proName=     Tommy, proType=PICKER, proStatus=IDLE, proRequest=null, proRequestIter=] has been created.
Apr 05, 2017 11:38:21 AM picking.Picker <init>
INFO: A new Worker [proName=     Tommy, proType=PICKER, proStatus=IDLE, proRequest=null, proRequestIter=] has been created.
Apr 05, 2017 11:38:21 AM picking.Picker procFascia
INFO: System is suggesting picker to goto Location[SKU=    9, Zone=  A, Aisle=  0, Rack=  2, Level=  0, stock= 19] for the next fascia.
Apr 05, 2017 11:38:21 AM picking.Picker <init>
INFO: A new Worker [proName=     Tommy, proType=PICKER, proStatus=IDLE, proRequest=null, proRequestIter=] has been created.
Apr 05, 2017 11:38:21 AM picking.Picker <init>
INFO: A new Worker [proName=     Tommy, proType=PICKER, proStatus=IDLE, proRequest=null, proRequestIter=] has been created.
Apr 05, 2017 11:38:21 AM picking.Picker procFascia
INFO: Worker [proName=     Tommy, proType=PICKER, proStatus=DONE, proRequest=Request [list=[9, 10, 9, 10, 11, 12, 11, 12], state=PRESEQUENCE, pvtThisId=1, pvtTraversalOrder=[12, 11, 12, 11, 10, 9, 10, 9]], proRequestIter=] has finished the picking request Request [list=[9, 10, 9, 10, 11, 12, 11, 12], state=PRESEQUENCE, pvtThisId=1, pvtTraversalOrder=[12, 11, 12, 11, 10, 9, 10, 9]]
Apr 05, 2017 11:38:21 AM picking.Picker <init>
INFO: A new Worker [proName=     Tommy, proType=PICKER, proStatus=IDLE, proRequest=null, proRequestIter=] has been created.
Apr 05, 2017 11:38:21 AM picking.Picker <init>
INFO: A new Worker [proName=     Tommy, proType=PICKER, proStatus=IDLE, proRequest=null, proRequestIter=] has been created.
Apr 05, 2017 11:38:21 AM picking.Picker toMarshaling
INFO: Worker [proName=     Tommy, proType=PICKER, proStatus=IDLE, proRequest=Request [list=[9, 10, 9, 10, 11, 12, 11, 12], state=PRESEQUENCE, pvtThisId=1, pvtTraversalOrder=[12, 11, 12, 11, 10, 9, 10, 9]], proRequestIter=] has been sent to marshaling area.
